This file contains any messages produced by compilers while
running configure, to aid debugging if configure makes a mistake.

It was created by s3fs configure 1.61, which was
generated by GNU Autoconf 2.67.  Invocation command line was

  $ ./configure 

## --------- ##
## Platform. ##
## --------- ##

hostname = devbox
uname -m = i686
uname -r = 2.6.35-30-generic
uname -s = Linux
uname -v = #60-Ubuntu SMP Mon Sep 19 20:45:08 UTC 2011

/usr/bin/uname -p = unknown
/bin/uname -X     = unknown

/bin/arch              = unknown
/usr/bin/arch -k       = unknown
/usr/convex/getsysinfo = unknown
/usr/bin/hostinfo      = unknown
/bin/machine           = unknown
/usr/bin/oslevel       = unknown
/bin/universe          = unknown

PATH: /usr/local/sbin
PATH: /usr/local/bin
PATH: /usr/sbin
PATH: /usr/bin
PATH: /sbin
PATH: /bin
PATH: /usr/games


## ----------- ##
## Core tests. ##
## ----------- ##

configure:1817: checking build system type
configure:1831: result: i686-pc-linux-gnu
configure:1851: checking host system type
configure:1864: result: i686-pc-linux-gnu
configure:1884: checking target system type
configure:1897: result: i686-pc-linux-gnu
configure:1940: checking for a BSD-compatible install
configure:2008: result: /usr/bin/install -c
configure:2019: checking whether build environment is sane
configure:2069: result: yes
configure:2210: checking for a thread-safe mkdir -p
configure:2249: result: /bin/mkdir -p
configure:2262: checking for gawk
configure:2292: result: no
configure:2262: checking for mawk
configure:2278: found /usr/bin/mawk
configure:2289: result: mawk
configure:2300: checking whether make sets $(MAKE)
configure:2322: result: yes
configure:2461: checking for g++
configure:2477: found /usr/bin/g++
configure:2488: result: g++
configure:2515: checking for C++ compiler version
configure:2524: g++ --version >&5
g++ (Ubuntu/Linaro 4.4.4-14ubuntu5) 4.4.5
Copyright (C) 2010 Free Software Foundation, Inc.
This is free software; see the source for copying conditions.  There is NO
warranty; not even for MERCHANTABILITY or FITNESS FOR A PARTICULAR PURPOSE.

configure:2535: $? = 0
configure:2524: g++ -v >&5
Using built-in specs.
Target: i686-linux-gnu
Configured with: ../src/configure -v --with-pkgversion='Ubuntu/Linaro 4.4.4-14ubuntu5' --with-bugurl=file:///usr/share/doc/gcc-4.4/README.Bugs --enable-languages=c,c++,fortran,objc,obj-c++ --prefix=/usr --program-suffix=-4.4 --enable-shared --enable-multiarch --enable-linker-build-id --with-system-zlib --libexecdir=/usr/lib --without-included-gettext --enable-threads=posix --with-gxx-include-dir=/usr/include/c++/4.4 --libdir=/usr/lib --enable-nls --with-sysroot=/ --enable-clocale=gnu --enable-libstdcxx-debug --enable-objc-gc --enable-targets=all --disable-werror --with-arch-32=i686 --with-tune=generic --enable-checking=release --build=i686-linux-gnu --host=i686-linux-gnu --target=i686-linux-gnu
Thread model: posix
gcc version 4.4.5 (Ubuntu/Linaro 4.4.4-14ubuntu5) 
configure:2535: $? = 0
configure:2524: g++ -V >&5
g++: '-V' option must have argument
configure:2535: $? = 1
configure:2524: g++ -qversion >&5
g++: unrecognized option '-qversion'
g++: no input files
configure:2535: $? = 1
configure:2555: checking whether the C++ compiler works
configure:2577: g++    conftest.cpp  >&5
configure:2581: $? = 0
configure:2629: result: yes
configure:2632: checking for C++ compiler default output file name
configure:2634: result: a.out
configure:2640: checking for suffix of executables
configure:2647: g++ -o conftest    conftest.cpp  >&5
configure:2651: $? = 0
configure:2673: result: 
configure:2695: checking whether we are cross compiling
configure:2703: g++ -o conftest    conftest.cpp  >&5
configure:2707: $? = 0
configure:2714: ./conftest
configure:2718: $? = 0
configure:2733: result: no
configure:2738: checking for suffix of object files
configure:2760: g++ -c   conftest.cpp >&5
configure:2764: $? = 0
configure:2785: result: o
configure:2789: checking whether we are using the GNU C++ compiler
configure:2808: g++ -c   conftest.cpp >&5
configure:2808: $? = 0
configure:2817: result: yes
configure:2826: checking whether g++ accepts -g
configure:2846: g++ -c -g  conftest.cpp >&5
configure:2846: $? = 0
configure:2887: result: yes
configure:2921: checking for style of include used by make
configure:2949: result: GNU
configure:2974: checking dependency style of g++
configure:3084: result: gcc3
configure:3155: checking for pkg-config
configure:3173: found /usr/bin/pkg-config
configure:3185: result: /usr/bin/pkg-config
configure:3210: checking pkg-config is at least version 0.9.0
configure:3213: result: yes
configure:3223: checking for DEPS
configure:3230: $PKG_CONFIG --exists --print-errors "fuse >= 2.8.4 libcurl >= 7.0 libxml-2.0 >= 2.6 libcrypto >= 0.9"
configure:3233: $? = 0
configure:3246: $PKG_CONFIG --exists --print-errors "fuse >= 2.8.4 libcurl >= 7.0 libxml-2.0 >= 2.6 libcrypto >= 0.9"
configure:3249: $? = 0
configure:3306: result: yes
configure:3468: creating ./config.status

## ---------------------- ##
## Running config.status. ##
## ---------------------- ##

This file was extended by s3fs config.status 1.61, which was
generated by GNU Autoconf 2.67.  Invocation command line was

  CONFIG_FILES    = 
  CONFIG_HEADERS  = 
  CONFIG_LINKS    = 
  CONFIG_COMMANDS = 
  $ ./config.status 

on devbox

config.status:796: creating Makefile
config.status:796: creating src/Makefile
config.status:796: creating test/Makefile
config.status:796: creating doc/Makefile
config.status:967: executing depfiles commands

## ---------------- ##
## Cache variables. ##
## ---------------- ##

ac_cv_build=i686-pc-linux-gnu
ac_cv_cxx_compiler_gnu=yes
ac_cv_env_CCC_set=
ac_cv_env_CCC_value=
ac_cv_env_CPPFLAGS_set=
ac_cv_env_CPPFLAGS_value=
ac_cv_env_CXXFLAGS_set=
ac_cv_env_CXXFLAGS_value=
ac_cv_env_CXX_set=
ac_cv_env_CXX_value=
ac_cv_env_DEPS_CFLAGS_set=
ac_cv_env_DEPS_CFLAGS_value=
ac_cv_env_DEPS_LIBS_set=
ac_cv_env_DEPS_LIBS_value=
ac_cv_env_LDFLAGS_set=
ac_cv_env_LDFLAGS_value=
ac_cv_env_LIBS_set=
ac_cv_env_LIBS_value=
ac_cv_env_PKG_CONFIG_LIBDIR_set=
ac_cv_env_PKG_CONFIG_LIBDIR_value=
ac_cv_env_PKG_CONFIG_PATH_set=
ac_cv_env_PKG_CONFIG_PATH_value=
ac_cv_env_PKG_CONFIG_set=
ac_cv_env_PKG_CONFIG_value=
ac_cv_env_build_alias_set=
ac_cv_env_build_alias_value=
ac_cv_env_host_alias_set=
ac_cv_env_host_alias_value=
ac_cv_env_target_alias_set=
ac_cv_env_target_alias_value=
ac_cv_host=i686-pc-linux-gnu
ac_cv_objext=o
ac_cv_path_ac_pt_PKG_CONFIG=/usr/bin/pkg-config
ac_cv_path_install='/usr/bin/install -c'
ac_cv_path_mkdir=/bin/mkdir
ac_cv_prog_AWK=mawk
ac_cv_prog_ac_ct_CXX=g++
ac_cv_prog_cxx_g=yes
ac_cv_prog_make_make_set=yes
ac_cv_target=i686-pc-linux-gnu
am_cv_CXX_dependencies_compiler_type=gcc3
pkg_cv_DEPS_CFLAGS='-D_FILE_OFFSET_BITS=64 -I/usr/include/fuse -I/usr/include/libxml2  '
pkg_cv_DEPS_LIBS='-pthread -lfuse -lrt -ldl -lcurl -lxml2 -lcrypto  '

## ----------------- ##
## Output variables. ##
## ----------------- ##

ACLOCAL='${SHELL} /home/pnovotnak/Documents/software/binary-sprocket/psync/Dependancies/s3fs-1.61/missing --run aclocal-1.11'
AMDEPBACKSLASH='\'
AMDEP_FALSE='#'
AMDEP_TRUE=''
AMTAR='${SHELL} /home/pnovotnak/Documents/software/binary-sprocket/psync/Dependancies/s3fs-1.61/missing --run tar'
AUTOCONF='${SHELL} /home/pnovotnak/Documents/software/binary-sprocket/psync/Dependancies/s3fs-1.61/missing --run autoconf'
AUTOHEADER='${SHELL} /home/pnovotnak/Documents/software/binary-sprocket/psync/Dependancies/s3fs-1.61/missing --run autoheader'
AUTOMAKE='${SHELL} /home/pnovotnak/Documents/software/binary-sprocket/psync/Dependancies/s3fs-1.61/missing --run automake-1.11'
AWK='mawk'
CPPFLAGS=''
CXX='g++'
CXXDEPMODE='depmode=gcc3'
CXXFLAGS='-g -O2 -Wall -D_FILE_OFFSET_BITS=64'
CYGPATH_W='echo'
DEFS='-DPACKAGE_NAME=\"s3fs\" -DPACKAGE_TARNAME=\"s3fs\" -DPACKAGE_VERSION=\"1.61\" -DPACKAGE_STRING=\"s3fs\ 1.61\" -DPACKAGE_BUGREPORT=\"\" -DPACKAGE_URL=\"\" -DPACKAGE=\"s3fs\" -DVERSION=\"1.61\"'
DEPDIR='.deps'
DEPS_CFLAGS='-D_FILE_OFFSET_BITS=64 -I/usr/include/fuse -I/usr/include/libxml2  '
DEPS_LIBS='-pthread -lfuse -lrt -ldl -lcurl -lxml2 -lcrypto  '
ECHO_C=''
ECHO_N='-n'
ECHO_T=''
EXEEXT=''
INSTALL_DATA='${INSTALL} -m 644'
INSTALL_PROGRAM='${INSTALL}'
INSTALL_SCRIPT='${INSTALL}'
INSTALL_STRIP_PROGRAM='$(install_sh) -c -s'
LDFLAGS=''
LIBOBJS=''
LIBS=''
LTLIBOBJS=''
MAKEINFO='${SHELL} /home/pnovotnak/Documents/software/binary-sprocket/psync/Dependancies/s3fs-1.61/missing --run makeinfo'
MKDIR_P='/bin/mkdir -p'
OBJEXT='o'
PACKAGE='s3fs'
PACKAGE_BUGREPORT=''
PACKAGE_NAME='s3fs'
PACKAGE_STRING='s3fs 1.61'
PACKAGE_TARNAME='s3fs'
PACKAGE_URL=''
PACKAGE_VERSION='1.61'
PATH_SEPARATOR=':'
PKG_CONFIG='/usr/bin/pkg-config'
PKG_CONFIG_LIBDIR=''
PKG_CONFIG_PATH=''
SET_MAKE=''
SHELL='/bin/bash'
STRIP=''
VERSION='1.61'
ac_ct_CXX='g++'
am__EXEEXT_FALSE=''
am__EXEEXT_TRUE='#'
am__fastdepCXX_FALSE='#'
am__fastdepCXX_TRUE=''
am__include='include'
am__isrc=''
am__leading_dot='.'
am__quote=''
am__tar='${AMTAR} chof - "$$tardir"'
am__untar='${AMTAR} xf -'
bindir='${exec_prefix}/bin'
build='i686-pc-linux-gnu'
build_alias=''
build_cpu='i686'
build_os='linux-gnu'
build_vendor='pc'
datadir='${datarootdir}'
datarootdir='${prefix}/share'
docdir='${datarootdir}/doc/${PACKAGE_TARNAME}'
dvidir='${docdir}'
exec_prefix='${prefix}'
host='i686-pc-linux-gnu'
host_alias=''
host_cpu='i686'
host_os='linux-gnu'
host_vendor='pc'
htmldir='${docdir}'
includedir='${prefix}/include'
infodir='${datarootdir}/info'
install_sh='${SHELL} /home/pnovotnak/Documents/software/binary-sprocket/psync/Dependancies/s3fs-1.61/install-sh'
libdir='${exec_prefix}/lib'
libexecdir='${exec_prefix}/libexec'
localedir='${datarootdir}/locale'
localstatedir='${prefix}/var'
mandir='${datarootdir}/man'
mkdir_p='/bin/mkdir -p'
oldincludedir='/usr/include'
pdfdir='${docdir}'
prefix='/usr/local'
program_transform_name='s,x,x,'
psdir='${docdir}'
sbindir='${exec_prefix}/sbin'
sharedstatedir='${prefix}/com'
sysconfdir='${prefix}/etc'
target='i686-pc-linux-gnu'
target_alias=''
target_cpu='i686'
target_os='linux-gnu'
target_vendor='pc'

## ----------- ##
## confdefs.h. ##
## ----------- ##

/* confdefs.h */
#define PACKAGE_NAME "s3fs"
#define PACKAGE_TARNAME "s3fs"
#define PACKAGE_VERSION "1.61"
#define PACKAGE_STRING "s3fs 1.61"
#define PACKAGE_BUGREPORT ""
#define PACKAGE_URL ""
#define PACKAGE "s3fs"
#define VERSION "1.61"

configure: exit 0
